<?xml version="1.0" encoding="UTF-8"?>
<!-- Generated by org.testng.reporters.JUnitReportReporter -->
<testsuite hostname="DESKTOP-NOQ9BQR" name="MyPackage.chrome" tests="1" failures="0" timestamp="28 Sep 2016 15:07:42 GMT" time="7.801" errors="0">
  <testcase name="test" time="7.801" classname="MyPackage.chrome"/>
</testsuite> <!-- MyPackage.chrome -->
